xrun: 20.09-s003: (c) Copyright 1995-2020 Cadence Design Systems, Inc.
TOOL:	xrun	20.09-s003: Started on Jan 28, 2023 at 02:38:38 EST
xrun
	-Q
	-unbuffered
	-timescale 1ns/1ns
	-sysv
	-access +rw
	+UVM_TESTNAME=user_callback_2_test
	-uvmnocdnsextra
	-uvmhome /xcelium20.09/tools//methodology/UVM/CDNS-1.2/sv
	/xcelium20.09/tools//methodology/UVM/CDNS-1.2/sv/src/uvm_macros.svh
	design.sv
	testbench.sv
	Top level design units:
		uvm_pkg
		$unit_0x4ccdf83b
		testbench_top
xmelab: *W,DSEMEL: This SystemVerilog design will be simulated as per IEEE 1800-2009 SystemVerilog simulation semantics. Use -disable_sem2009 option for turning off SV 2009 simulation semantics.
Loading snapshot worklib.testbench_top:sv .................... Done
SVSEED default: 1
xmsim: *W,RNDXCELON: A newer version of the SystemVerilog constraint solver is being used which has better support for array-solving, new solve-order mechanism, and seed stability enhancements..
xmsim: *W,DSEM2009: This SystemVerilog design is simulated as per IEEE 1800-2009 SystemVerilog simulation semantics. Use -disable_sem2009 option for turning off SV 2009 simulation semantics.
xcelium> source /xcelium20.09/tools/xcelium/files/xmsimrc
xcelium> source /xcelium20.09/tools//methodology/UVM/CDNS-1.2/sv/files/tcl/uvm_sim.tcl
xcelium> run
UVM_INFO /xcelium20.09/tools//methodology/UVM/CDNS-1.2/sv/src/base/uvm_root.svh(412) @ 0: reporter [UVM/RELNOTES] 
----------------------------------------------------------------
CDNS-UVM-1.2 (20.09-s003)
(C) 2007-2014 Mentor Graphics Corporation
(C) 2007-2014 Cadence Design Systems, Inc.
(C) 2006-2014 Synopsys, Inc.
(C) 2011-2013 Cypress Semiconductor Corp.
(C) 2013-2014 NVIDIA Corporation
----------------------------------------------------------------

  ***********       IMPORTANT RELEASE NOTES         ************

  You are using a version of the UVM library that has been compiled
  with `UVM_NO_DEPRECATED undefined.
  See http://www.eda.org/svdb/view.php?id=3313 for more details.

  You are using a version of the UVM library that has been compiled
  with `UVM_OBJECT_DO_NOT_NEED_CONSTRUCTOR undefined.
  See http://www.eda.org/svdb/view.php?id=3770 for more details.

      (Specify +UVM_NO_RELNOTES to turn off this notice)

UVM_INFO @ 0: reporter [RNTST] Running test user_callback_2_test...
UVM_INFO user_callback.sv(39) @ 0: reporter [USER_CALLBACK-2] Inside pre_drive method
UVM_INFO user_callback.sv(18) @ 0: reporter [USER_CALLBACK-1] Inside pre_drive method
UVM_INFO driver.sv(23) @ 0: uvm_test_top.env.driv [DRIVER] Inside drive_pkt method
UVM_INFO user_callback.sv(43) @ 0: reporter [USER_CALLBACK-2] Inside post_drive method
UVM_INFO user_callback.sv(22) @ 0: reporter [USER_CALLBACK-1] Inside post_drive method
UVM_INFO /xcelium20.09/tools//methodology/UVM/CDNS-1.2/sv/src/base/uvm_report_server.svh(847) @ 0: reporter [UVM/REPORT/SERVER] 
--- UVM Report Summary ---

** Report counts by severity
UVM_INFO :    7
UVM_WARNING :    0
UVM_ERROR :    0
UVM_FATAL :    0
** Report counts by id
[DRIVER]     1
[RNTST]     1
[USER_CALLBACK-1]     2
[USER_CALLBACK-2]     2
[UVM/RELNOTES]     1

Simulation complete via $finish(1) at time 0 FS + 232
/xcelium20.09/tools/methodology/UVM/CDNS-1.2/sv/src/base/uvm_root.svh:543     $finish;
xcelium> exit
TOOL:	xrun	20.09-s003: Exiting on Jan 28, 2023 at 02:38:43 EST  (total: 00:00:05)
